2025/12/15 20:26:49 [notice] 1#1: using the "epoll" event method
2025/12/15 20:26:49 [notice] 1#1: nginx/1.29.4
2025/12/15 20:26:49 [notice] 1#1: built by gcc 15.2.0 (Alpine 15.2.0) 
2025/12/15 20:26:49 [notice] 1#1: OS: Linux 6.6.87.2-microsoft-standard-WSL2
2025/12/15 20:26:49 [notice] 1#1: getrlimit(RLIMIT_NOFILE): 1048576:1048576
2025/12/15 20:26:49 [notice] 1#1: start worker processes
2025/12/15 20:26:49 [notice] 1#1: start worker process 21
2025/12/15 20:26:49 [notice] 1#1: start worker process 22
2025/12/15 20:38:55 [error] 22#22: *2 open() "/var/www/html/public/favicon.ico" failed (2: No such file or directory), client: 172.19.0.1, server: localhost, request: "GET /favicon.ico HTTP/1.1", host: "localhost:8080", referrer: "http://localhost:8080/api/packages"
2025/12/15 21:15:52 [notice] 1#1: signal 3 (SIGQUIT) received, shutting down
2025/12/15 21:15:52 [notice] 21#21: gracefully shutting down
2025/12/15 21:15:52 [notice] 21#21: exiting
2025/12/15 21:15:52 [notice] 21#21: exit
2025/12/15 21:15:52 [notice] 22#22: gracefully shutting down
2025/12/15 21:15:52 [notice] 22#22: exiting
2025/12/15 21:15:52 [notice] 22#22: exit
2025/12/15 21:15:52 [notice] 1#1: signal 17 (SIGCHLD) received from 21
2025/12/15 21:15:52 [notice] 1#1: worker process 21 exited with code 0
2025/12/15 21:15:52 [notice] 1#1: signal 29 (SIGIO) received
2025/12/15 21:15:52 [notice] 1#1: signal 17 (SIGCHLD) received from 22
2025/12/15 21:15:52 [notice] 1#1: worker process 22 exited with code 0
2025/12/15 21:15:52 [notice] 1#1: exit
2025/12/15 21:15:55 [notice] 1#1: using the "epoll" event method
2025/12/15 21:15:55 [notice] 1#1: nginx/1.29.4
2025/12/15 21:15:55 [notice] 1#1: built by gcc 15.2.0 (Alpine 15.2.0) 
2025/12/15 21:15:55 [notice] 1#1: OS: Linux 6.6.87.2-microsoft-standard-WSL2
2025/12/15 21:15:55 [notice] 1#1: getrlimit(RLIMIT_NOFILE): 1048576:1048576
2025/12/15 21:15:55 [notice] 1#1: start worker processes
2025/12/15 21:15:55 [notice] 1#1: start worker process 21
2025/12/15 21:15:55 [notice] 1#1: start worker process 22
2025/12/15 22:07:42 [notice] 1#1: signal 3 (SIGQUIT) received, shutting down
2025/12/15 22:07:42 [notice] 21#21: gracefully shutting down
2025/12/15 22:07:42 [notice] 21#21: exiting
2025/12/15 22:07:42 [notice] 22#22: gracefully shutting down
2025/12/15 22:07:42 [notice] 22#22: exiting
2025/12/15 22:07:42 [notice] 21#21: exit
2025/12/15 22:07:42 [notice] 22#22: exit
2025/12/15 22:07:42 [notice] 1#1: signal 17 (SIGCHLD) received from 22
2025/12/15 22:07:42 [notice] 1#1: worker process 22 exited with code 0
2025/12/15 22:07:42 [notice] 1#1: signal 29 (SIGIO) received
2025/12/15 22:07:42 [notice] 1#1: signal 17 (SIGCHLD) received from 21
2025/12/15 22:07:42 [notice] 1#1: worker process 21 exited with code 0
2025/12/15 22:07:42 [notice] 1#1: exit
2025/12/15 22:07:46 [notice] 1#1: using the "epoll" event method
2025/12/15 22:07:46 [notice] 1#1: nginx/1.25.5
2025/12/15 22:07:46 [notice] 1#1: built by gcc 13.2.1 20231014 (Alpine 13.2.1_git20231014) 
2025/12/15 22:07:46 [notice] 1#1: OS: Linux 6.6.87.2-microsoft-standard-WSL2
2025/12/15 22:07:46 [notice] 1#1: getrlimit(RLIMIT_NOFILE): 1048576:1048576
2025/12/15 22:07:46 [notice] 1#1: start worker processes
2025/12/15 22:07:46 [notice] 1#1: start worker process 21
2025/12/15 22:07:46 [notice] 1#1: start worker process 22
2025/12/15 23:07:14 [notice] 1#1: signal 3 (SIGQUIT) received, shutting down
2025/12/15 23:07:14 [notice] 21#21: gracefully shutting down
2025/12/15 23:07:14 [notice] 22#22: gracefully shutting down
2025/12/15 23:07:14 [notice] 22#22: exiting
2025/12/15 23:07:14 [notice] 21#21: exiting
2025/12/15 23:07:14 [notice] 21#21: exit
2025/12/15 23:07:14 [notice] 22#22: exit
2025/12/15 23:07:15 [notice] 1#1: signal 17 (SIGCHLD) received from 22
2025/12/15 23:07:15 [notice] 1#1: worker process 21 exited with code 0
2025/12/15 23:07:15 [notice] 1#1: worker process 22 exited with code 0
2025/12/15 23:07:15 [notice] 1#1: exit
2025/12/15 23:07:16 [notice] 1#1: using the "epoll" event method
2025/12/15 23:07:16 [notice] 1#1: nginx/1.25.5
2025/12/15 23:07:16 [notice] 1#1: built by gcc 13.2.1 20231014 (Alpine 13.2.1_git20231014) 
2025/12/15 23:07:16 [notice] 1#1: OS: Linux 6.6.87.2-microsoft-standard-WSL2
2025/12/15 23:07:16 [notice] 1#1: getrlimit(RLIMIT_NOFILE): 1048576:1048576
2025/12/15 23:07:16 [notice] 1#1: start worker processes
2025/12/15 23:07:16 [notice] 1#1: start worker process 21
2025/12/15 23:07:16 [notice] 1#1: start worker process 22
2025/12/15 23:08:18 [error] 21#21: *3 open() "/var/www/html/public/favicon.ico" failed (2: No such file or directory), client: 172.19.0.1, server: localhost, request: "GET /favicon.ico HTTP/1.1", host: "localhost:8080", referrer: "http://localhost:8080/info.php"
2025/12/15 23:12:18 [notice] 1#1: signal 3 (SIGQUIT) received, shutting down
2025/12/15 23:12:18 [notice] 21#21: gracefully shutting down
2025/12/15 23:12:18 [notice] 21#21: exiting
2025/12/15 23:12:18 [notice] 21#21: exit
2025/12/15 23:12:18 [notice] 22#22: gracefully shutting down
2025/12/15 23:12:18 [notice] 22#22: exiting
2025/12/15 23:12:18 [notice] 22#22: exit
2025/12/15 23:12:18 [notice] 1#1: signal 17 (SIGCHLD) received from 22
2025/12/15 23:12:18 [notice] 1#1: worker process 21 exited with code 0
2025/12/15 23:12:18 [notice] 1#1: worker process 22 exited with code 0
2025/12/15 23:12:18 [notice] 1#1: exit
2025/12/15 23:12:18 [notice] 1#1: using the "epoll" event method
2025/12/15 23:12:18 [notice] 1#1: nginx/1.25.5
2025/12/15 23:12:18 [notice] 1#1: built by gcc 13.2.1 20231014 (Alpine 13.2.1_git20231014) 
2025/12/15 23:12:18 [notice] 1#1: OS: Linux 6.6.87.2-microsoft-standard-WSL2
2025/12/15 23:12:18 [notice] 1#1: getrlimit(RLIMIT_NOFILE): 1048576:1048576
2025/12/15 23:12:18 [notice] 1#1: start worker processes
2025/12/15 23:12:18 [notice] 1#1: start worker process 21
2025/12/15 23:12:18 [notice] 1#1: start worker process 22
2025/12/15 23:16:02 [notice] 1#1: signal 3 (SIGQUIT) received, shutting down
2025/12/15 23:16:02 [notice] 21#21: gracefully shutting down
2025/12/15 23:16:02 [notice] 21#21: exiting
2025/12/15 23:16:02 [notice] 21#21: exit
2025/12/15 23:16:02 [notice] 22#22: gracefully shutting down
2025/12/15 23:16:02 [notice] 22#22: exiting
2025/12/15 23:16:02 [notice] 22#22: exit
2025/12/15 23:16:02 [notice] 1#1: signal 17 (SIGCHLD) received from 21
2025/12/15 23:16:02 [notice] 1#1: worker process 21 exited with code 0
2025/12/15 23:16:02 [notice] 1#1: worker process 22 exited with code 0
2025/12/15 23:16:02 [notice] 1#1: exit
2025/12/15 23:16:04 [notice] 1#1: using the "epoll" event method
2025/12/15 23:16:04 [notice] 1#1: nginx/1.25.5
2025/12/15 23:16:04 [notice] 1#1: built by gcc 13.2.1 20231014 (Alpine 13.2.1_git20231014) 
2025/12/15 23:16:04 [notice] 1#1: OS: Linux 6.6.87.2-microsoft-standard-WSL2
2025/12/15 23:16:04 [notice] 1#1: getrlimit(RLIMIT_NOFILE): 1048576:1048576
2025/12/15 23:16:04 [notice] 1#1: start worker processes
2025/12/15 23:16:04 [notice] 1#1: start worker process 21
2025/12/15 23:16:04 [notice] 1#1: start worker process 22
2025/12/15 23:16:33 [notice] 1#1: signal 3 (SIGQUIT) received, shutting down
2025/12/15 23:16:33 [notice] 21#21: gracefully shutting down
2025/12/15 23:16:33 [notice] 22#22: gracefully shutting down
2025/12/15 23:16:33 [notice] 21#21: exiting
2025/12/15 23:16:33 [notice] 22#22: exiting
2025/12/15 23:16:33 [notice] 22#22: exit
2025/12/15 23:16:33 [notice] 21#21: exit
2025/12/15 23:16:33 [notice] 1#1: signal 17 (SIGCHLD) received from 22
2025/12/15 23:16:33 [notice] 1#1: worker process 22 exited with code 0
2025/12/15 23:16:33 [notice] 1#1: signal 29 (SIGIO) received
2025/12/15 23:16:33 [notice] 1#1: signal 17 (SIGCHLD) received from 21
2025/12/15 23:16:33 [notice] 1#1: worker process 21 exited with code 0
2025/12/15 23:16:33 [notice] 1#1: exit
2025/12/15 23:16:33 [notice] 1#1: using the "epoll" event method
2025/12/15 23:16:33 [notice] 1#1: nginx/1.25.5
2025/12/15 23:16:33 [notice] 1#1: built by gcc 13.2.1 20231014 (Alpine 13.2.1_git20231014) 
2025/12/15 23:16:33 [notice] 1#1: OS: Linux 6.6.87.2-microsoft-standard-WSL2
2025/12/15 23:16:33 [notice] 1#1: getrlimit(RLIMIT_NOFILE): 1048576:1048576
2025/12/15 23:16:33 [notice] 1#1: start worker processes
2025/12/15 23:16:33 [notice] 1#1: start worker process 21
2025/12/15 23:16:33 [notice] 1#1: start worker process 22
2025/12/16 01:44:11 [notice] 1#1: signal 3 (SIGQUIT) received, shutting down
2025/12/16 01:44:11 [notice] 21#21: gracefully shutting down
2025/12/16 01:44:11 [notice] 21#21: exiting
2025/12/16 01:44:11 [notice] 22#22: gracefully shutting down
2025/12/16 01:44:11 [notice] 22#22: exiting
2025/12/16 01:44:11 [notice] 21#21: exit
2025/12/16 01:44:11 [notice] 22#22: exit
2025/12/16 01:44:11 [notice] 1#1: signal 17 (SIGCHLD) received from 22
2025/12/16 01:44:11 [notice] 1#1: worker process 21 exited with code 0
2025/12/16 01:44:11 [notice] 1#1: worker process 22 exited with code 0
2025/12/16 01:44:11 [notice] 1#1: exit
2025/12/16 01:44:12 [notice] 1#1: using the "epoll" event method
2025/12/16 01:44:12 [notice] 1#1: nginx/1.25.5
2025/12/16 01:44:12 [notice] 1#1: built by gcc 13.2.1 20231014 (Alpine 13.2.1_git20231014) 
2025/12/16 01:44:12 [notice] 1#1: OS: Linux 6.6.87.2-microsoft-standard-WSL2
2025/12/16 01:44:12 [notice] 1#1: getrlimit(RLIMIT_NOFILE): 1048576:1048576
2025/12/16 01:44:12 [notice] 1#1: start worker processes
2025/12/16 01:44:12 [notice] 1#1: start worker process 21
2025/12/16 01:44:12 [notice] 1#1: start worker process 22
2025/12/16 01:44:40 [notice] 1#1: signal 3 (SIGQUIT) received, shutting down
2025/12/16 01:44:40 [notice] 21#21: gracefully shutting down
2025/12/16 01:44:40 [notice] 21#21: exiting
2025/12/16 01:44:40 [notice] 21#21: exit
2025/12/16 01:44:40 [notice] 22#22: gracefully shutting down
2025/12/16 01:44:40 [notice] 22#22: exiting
2025/12/16 01:44:40 [notice] 22#22: exit
2025/12/16 01:44:40 [notice] 1#1: signal 17 (SIGCHLD) received from 22
2025/12/16 01:44:40 [notice] 1#1: worker process 21 exited with code 0
2025/12/16 01:44:40 [notice] 1#1: worker process 22 exited with code 0
2025/12/16 01:44:40 [notice] 1#1: exit
2025/12/16 01:44:40 [notice] 1#1: using the "epoll" event method
2025/12/16 01:44:40 [notice] 1#1: nginx/1.25.5
2025/12/16 01:44:40 [notice] 1#1: built by gcc 13.2.1 20231014 (Alpine 13.2.1_git20231014) 
2025/12/16 01:44:40 [notice] 1#1: OS: Linux 6.6.87.2-microsoft-standard-WSL2
2025/12/16 01:44:40 [notice] 1#1: getrlimit(RLIMIT_NOFILE): 1048576:1048576
2025/12/16 01:44:40 [notice] 1#1: start worker processes
2025/12/16 01:44:40 [notice] 1#1: start worker process 22
2025/12/16 01:44:40 [notice] 1#1: start worker process 23
2025/12/16 01:45:04 [notice] 1#1: signal 3 (SIGQUIT) received, shutting down
2025/12/16 01:45:04 [notice] 22#22: gracefully shutting down
2025/12/16 01:45:04 [notice] 22#22: exiting
2025/12/16 01:45:04 [notice] 22#22: exit
2025/12/16 01:45:04 [notice] 23#23: gracefully shutting down
2025/12/16 01:45:04 [notice] 23#23: exiting
2025/12/16 01:45:04 [notice] 23#23: exit
2025/12/16 01:45:04 [notice] 1#1: signal 17 (SIGCHLD) received from 23
2025/12/16 01:45:04 [notice] 1#1: worker process 23 exited with code 0
2025/12/16 01:45:04 [notice] 1#1: signal 29 (SIGIO) received
2025/12/16 01:45:04 [notice] 1#1: signal 17 (SIGCHLD) received from 22
2025/12/16 01:45:04 [notice] 1#1: worker process 22 exited with code 0
2025/12/16 01:45:04 [notice] 1#1: exit
2025/12/16 01:45:07 [notice] 1#1: using the "epoll" event method
2025/12/16 01:45:07 [notice] 1#1: nginx/1.25.5
2025/12/16 01:45:07 [notice] 1#1: built by gcc 13.2.1 20231014 (Alpine 13.2.1_git20231014) 
2025/12/16 01:45:07 [notice] 1#1: OS: Linux 6.6.87.2-microsoft-standard-WSL2
2025/12/16 01:45:07 [notice] 1#1: getrlimit(RLIMIT_NOFILE): 1048576:1048576
2025/12/16 01:45:07 [notice] 1#1: start worker processes
2025/12/16 01:45:07 [notice] 1#1: start worker process 21
2025/12/16 01:45:07 [notice] 1#1: start worker process 22
2025/12/16 01:45:22 [notice] 1#1: signal 3 (SIGQUIT) received, shutting down
2025/12/16 01:45:22 [notice] 21#21: gracefully shutting down
2025/12/16 01:45:22 [notice] 21#21: exiting
2025/12/16 01:45:22 [notice] 22#22: gracefully shutting down
2025/12/16 01:45:22 [notice] 22#22: exiting
2025/12/16 01:45:22 [notice] 22#22: exit
2025/12/16 01:45:22 [notice] 21#21: exit
2025/12/16 01:45:22 [notice] 1#1: signal 17 (SIGCHLD) received from 21
2025/12/16 01:45:22 [notice] 1#1: worker process 21 exited with code 0
2025/12/16 01:45:22 [notice] 1#1: signal 29 (SIGIO) received
2025/12/16 01:45:22 [notice] 1#1: signal 17 (SIGCHLD) received from 22
2025/12/16 01:45:22 [notice] 1#1: worker process 22 exited with code 0
2025/12/16 01:45:22 [notice] 1#1: exit
2025/12/16 01:45:57 [notice] 1#1: using the "epoll" event method
2025/12/16 01:45:57 [notice] 1#1: nginx/1.28.0
2025/12/16 01:45:57 [notice] 1#1: built by gcc 14.2.0 (Alpine 14.2.0) 
2025/12/16 01:45:57 [notice] 1#1: OS: Linux 6.6.87.2-microsoft-standard-WSL2
2025/12/16 01:45:57 [notice] 1#1: getrlimit(RLIMIT_NOFILE): 1048576:1048576
2025/12/16 01:45:57 [notice] 1#1: start worker processes
2025/12/16 01:45:57 [notice] 1#1: start worker process 21
2025/12/16 01:45:57 [notice] 1#1: start worker process 22
2025/12/16 01:46:37 [notice] 1#1: signal 3 (SIGQUIT) received, shutting down
2025/12/16 01:46:37 [notice] 22#22: gracefully shutting down
2025/12/16 01:46:37 [notice] 21#21: gracefully shutting down
2025/12/16 01:46:37 [notice] 22#22: exiting
2025/12/16 01:46:37 [notice] 21#21: exiting
2025/12/16 01:46:37 [notice] 21#21: exit
2025/12/16 01:46:37 [notice] 22#22: exit
2025/12/16 01:46:37 [notice] 1#1: signal 17 (SIGCHLD) received from 21
2025/12/16 01:46:37 [notice] 1#1: worker process 21 exited with code 0
2025/12/16 01:46:37 [notice] 1#1: worker process 22 exited with code 0
2025/12/16 01:46:37 [notice] 1#1: exit
2025/12/16 01:46:38 [notice] 1#1: using the "epoll" event method
2025/12/16 01:46:38 [notice] 1#1: nginx/1.28.0
2025/12/16 01:46:38 [notice] 1#1: built by gcc 14.2.0 (Alpine 14.2.0) 
2025/12/16 01:46:38 [notice] 1#1: OS: Linux 6.6.87.2-microsoft-standard-WSL2
2025/12/16 01:46:38 [notice] 1#1: getrlimit(RLIMIT_NOFILE): 1048576:1048576
2025/12/16 01:46:38 [notice] 1#1: start worker processes
2025/12/16 01:46:38 [notice] 1#1: start worker process 20
2025/12/16 01:46:38 [notice] 1#1: start worker process 21
2025/12/16 17:53:38 [notice] 1#1: using the "epoll" event method
2025/12/16 17:53:38 [notice] 1#1: nginx/1.28.0
2025/12/16 17:53:38 [notice] 1#1: built by gcc 14.2.0 (Alpine 14.2.0) 
2025/12/16 17:53:38 [notice] 1#1: OS: Linux 6.6.87.2-microsoft-standard-WSL2
2025/12/16 17:53:38 [notice] 1#1: getrlimit(RLIMIT_NOFILE): 1048576:1048576
2025/12/16 17:53:38 [notice] 1#1: start worker processes
2025/12/16 17:53:38 [notice] 1#1: start worker process 21
2025/12/16 17:53:38 [notice] 1#1: start worker process 22
2025/12/16 17:59:49 [error] 21#21: *5 open() "/var/www/html/public/favicon.ico" failed (2: No such file or directory), client: 172.19.0.1, server: localhost, request: "GET /favicon.ico HTTP/1.1", host: "localhost:8080", referrer: "http://localhost:8080/info.php"
2025/12/16 19:36:45 [error] 22#22: *48 access forbidden by rule, client: 172.19.0.1, server: localhost, request: "GET /.well-known/appspecific/com.chrome.devtools.json HTTP/1.1", host: "localhost:8080"
2025/12/16 21:39:42 [error] 21#21: *71 open() "/var/www/html/public/favicon.ico" failed (2: No such file or directory), client: 172.19.0.1, server: localhost, request: "GET /favicon.ico HTTP/1.1", host: "localhost:8080", referrer: "http://localhost:8080/api/packages"
2025/12/16 22:21:28 [notice] 1#1: signal 3 (SIGQUIT) received, shutting down
2025/12/16 22:21:28 [notice] 21#21: gracefully shutting down
2025/12/16 22:21:28 [notice] 22#22: gracefully shutting down
2025/12/16 22:21:28 [notice] 21#21: exiting
2025/12/16 22:21:28 [notice] 22#22: exiting
2025/12/16 22:21:28 [notice] 22#22: exit
2025/12/16 22:21:28 [notice] 21#21: exit
2025/12/16 22:21:29 [notice] 1#1: signal 17 (SIGCHLD) received from 22
2025/12/16 22:21:29 [notice] 1#1: worker process 22 exited with code 0
2025/12/16 22:21:29 [notice] 1#1: signal 29 (SIGIO) received
2025/12/16 22:21:29 [notice] 1#1: signal 17 (SIGCHLD) received from 21
2025/12/16 22:21:29 [notice] 1#1: worker process 21 exited with code 0
2025/12/16 22:21:29 [notice] 1#1: exit
2025/12/16 22:22:05 [notice] 1#1: using the "epoll" event method
2025/12/16 22:22:05 [notice] 1#1: nginx/1.28.0
2025/12/16 22:22:05 [notice] 1#1: built by gcc 14.2.0 (Alpine 14.2.0) 
2025/12/16 22:22:05 [notice] 1#1: OS: Linux 6.6.87.2-microsoft-standard-WSL2
2025/12/16 22:22:05 [notice] 1#1: getrlimit(RLIMIT_NOFILE): 1048576:1048576
2025/12/16 22:22:05 [notice] 1#1: start worker processes
2025/12/16 22:22:05 [notice] 1#1: start worker process 21
2025/12/16 22:22:05 [notice] 1#1: start worker process 22
2025/12/16 22:23:51 [notice] 1#1: signal 3 (SIGQUIT) received, shutting down
2025/12/16 22:23:51 [notice] 22#22: gracefully shutting down
2025/12/16 22:23:51 [notice] 21#21: gracefully shutting down
2025/12/16 22:23:51 [notice] 21#21: exiting
2025/12/16 22:23:51 [notice] 22#22: exiting
2025/12/16 22:23:51 [notice] 21#21: exit
2025/12/16 22:23:51 [notice] 22#22: exit
2025/12/16 22:23:51 [notice] 1#1: signal 17 (SIGCHLD) received from 22
2025/12/16 22:23:51 [notice] 1#1: worker process 22 exited with code 0
2025/12/16 22:23:51 [notice] 1#1: signal 29 (SIGIO) received
2025/12/16 22:23:51 [notice] 1#1: signal 17 (SIGCHLD) received from 21
2025/12/16 22:23:51 [notice] 1#1: worker process 21 exited with code 0
2025/12/16 22:23:51 [notice] 1#1: exit
2025/12/16 22:24:10 [notice] 1#1: using the "epoll" event method
2025/12/16 22:24:10 [notice] 1#1: nginx/1.28.0
2025/12/16 22:24:10 [notice] 1#1: built by gcc 14.2.0 (Alpine 14.2.0) 
2025/12/16 22:24:10 [notice] 1#1: OS: Linux 6.6.87.2-microsoft-standard-WSL2
2025/12/16 22:24:10 [notice] 1#1: getrlimit(RLIMIT_NOFILE): 1048576:1048576
2025/12/16 22:24:10 [notice] 1#1: start worker processes
2025/12/16 22:24:10 [notice] 1#1: start worker process 21
2025/12/16 22:24:10 [notice] 1#1: start worker process 22
2025/12/16 23:08:40 [notice] 1#1: signal 3 (SIGQUIT) received, shutting down
2025/12/16 23:08:41 [notice] 21#21: gracefully shutting down
2025/12/16 23:08:41 [notice] 22#22: gracefully shutting down
2025/12/16 23:08:41 [notice] 21#21: exiting
2025/12/16 23:08:41 [notice] 22#22: exiting
2025/12/16 23:08:41 [notice] 21#21: exit
2025/12/16 23:08:41 [notice] 22#22: exit
2025/12/16 23:08:42 [notice] 1#1: signal 17 (SIGCHLD) received from 21
2025/12/16 23:08:42 [notice] 1#1: worker process 21 exited with code 0
2025/12/16 23:08:42 [notice] 1#1: signal 29 (SIGIO) received
2025/12/16 23:08:42 [notice] 1#1: signal 17 (SIGCHLD) received from 22
2025/12/16 23:08:42 [notice] 1#1: worker process 22 exited with code 0
2025/12/16 23:08:42 [notice] 1#1: exit
2025/12/16 23:09:29 [notice] 1#1: using the "epoll" event method
2025/12/16 23:09:29 [notice] 1#1: nginx/1.28.0
2025/12/16 23:09:29 [notice] 1#1: built by gcc 14.2.0 (Alpine 14.2.0) 
2025/12/16 23:09:29 [notice] 1#1: OS: Linux 6.6.87.2-microsoft-standard-WSL2
2025/12/16 23:09:29 [notice] 1#1: getrlimit(RLIMIT_NOFILE): 1048576:1048576
2025/12/16 23:09:29 [notice] 1#1: start worker processes
2025/12/16 23:09:29 [notice] 1#1: start worker process 22
2025/12/16 23:09:29 [notice] 1#1: start worker process 23
2025/12/17 15:53:58 [notice] 1#1: using the "epoll" event method
2025/12/17 15:53:58 [notice] 1#1: nginx/1.28.0
2025/12/17 15:53:58 [notice] 1#1: built by gcc 14.2.0 (Alpine 14.2.0) 
2025/12/17 15:53:58 [notice] 1#1: OS: Linux 6.6.87.2-microsoft-standard-WSL2
2025/12/17 15:53:58 [notice] 1#1: getrlimit(RLIMIT_NOFILE): 1048576:1048576
2025/12/17 15:53:58 [notice] 1#1: start worker processes
2025/12/17 15:53:58 [notice] 1#1: start worker process 21
2025/12/17 15:53:58 [notice] 1#1: start worker process 22
2025/12/17 19:39:41 [notice] 1#1: using the "epoll" event method
2025/12/17 19:39:41 [notice] 1#1: nginx/1.28.0
2025/12/17 19:39:41 [notice] 1#1: built by gcc 14.2.0 (Alpine 14.2.0) 
2025/12/17 19:39:41 [notice] 1#1: OS: Linux 6.6.87.2-microsoft-standard-WSL2
2025/12/17 19:39:41 [notice] 1#1: getrlimit(RLIMIT_NOFILE): 1048576:1048576
2025/12/17 19:39:41 [notice] 1#1: start worker processes
2025/12/17 19:39:41 [notice] 1#1: start worker process 21
2025/12/17 19:39:41 [notice] 1#1: start worker process 22
2025/12/17 19:41:30 [notice] 1#1: signal 3 (SIGQUIT) received, shutting down
2025/12/17 19:41:30 [notice] 21#21: gracefully shutting down
2025/12/17 19:41:30 [notice] 21#21: exiting
2025/12/17 19:41:30 [notice] 21#21: exit
2025/12/17 19:41:30 [notice] 22#22: gracefully shutting down
2025/12/17 19:41:30 [notice] 22#22: exiting
2025/12/17 19:41:30 [notice] 22#22: exit
2025/12/17 19:41:30 [notice] 1#1: signal 17 (SIGCHLD) received from 22
2025/12/17 19:41:30 [notice] 1#1: worker process 22 exited with code 0
2025/12/17 19:41:30 [notice] 1#1: signal 29 (SIGIO) received
2025/12/17 19:41:30 [notice] 1#1: signal 17 (SIGCHLD) received from 21
2025/12/17 19:41:30 [notice] 1#1: worker process 21 exited with code 0
2025/12/17 19:41:30 [notice] 1#1: exit
2025/12/17 19:41:55 [notice] 1#1: using the "epoll" event method
2025/12/17 19:41:55 [notice] 1#1: nginx/1.28.0
2025/12/17 19:41:55 [notice] 1#1: built by gcc 14.2.0 (Alpine 14.2.0) 
2025/12/17 19:41:55 [notice] 1#1: OS: Linux 6.6.87.2-microsoft-standard-WSL2
2025/12/17 19:41:55 [notice] 1#1: getrlimit(RLIMIT_NOFILE): 1048576:1048576
2025/12/17 19:41:55 [notice] 1#1: start worker processes
2025/12/17 19:41:55 [notice] 1#1: start worker process 21
2025/12/17 19:41:55 [notice] 1#1: start worker process 22
2025/12/17 19:53:27 [error] 22#22: *4 open() "/var/www/html/public/favicon.ico" failed (2: No such file or directory), client: 172.19.0.1, server: localhost, request: "GET /favicon.ico HTTP/1.1", host: "localhost:8080", referrer: "http://localhost:8080/api/orders"
2025/12/17 19:55:47 [notice] 1#1: signal 3 (SIGQUIT) received, shutting down
2025/12/17 19:55:47 [notice] 22#22: gracefully shutting down
2025/12/17 19:55:47 [notice] 22#22: exiting
2025/12/17 19:55:47 [notice] 22#22: exit
2025/12/17 19:55:47 [notice] 21#21: gracefully shutting down
2025/12/17 19:55:47 [notice] 21#21: exiting
2025/12/17 19:55:47 [notice] 21#21: exit
2025/12/17 19:55:47 [notice] 1#1: signal 17 (SIGCHLD) received from 21
2025/12/17 19:55:47 [notice] 1#1: worker process 21 exited with code 0
2025/12/17 19:55:47 [notice] 1#1: worker process 22 exited with code 0
2025/12/17 19:55:47 [notice] 1#1: exit
2025/12/17 19:56:23 [notice] 1#1: using the "epoll" event method
2025/12/17 19:56:23 [notice] 1#1: nginx/1.28.0
2025/12/17 19:56:23 [notice] 1#1: built by gcc 14.2.0 (Alpine 14.2.0) 
2025/12/17 19:56:23 [notice] 1#1: OS: Linux 6.6.87.2-microsoft-standard-WSL2
2025/12/17 19:56:23 [notice] 1#1: getrlimit(RLIMIT_NOFILE): 1048576:1048576
2025/12/17 19:56:23 [notice] 1#1: start worker processes
2025/12/17 19:56:23 [notice] 1#1: start worker process 21
2025/12/17 19:56:23 [notice] 1#1: start worker process 22
2025/12/17 20:01:03 [notice] 1#1: signal 3 (SIGQUIT) received, shutting down
2025/12/17 20:01:03 [notice] 21#21: gracefully shutting down
2025/12/17 20:01:03 [notice] 21#21: exiting
2025/12/17 20:01:03 [notice] 22#22: gracefully shutting down
2025/12/17 20:01:03 [notice] 22#22: exiting
2025/12/17 20:01:03 [notice] 21#21: exit
2025/12/17 20:01:03 [notice] 22#22: exit
2025/12/17 20:01:03 [notice] 1#1: signal 17 (SIGCHLD) received from 22
2025/12/17 20:01:03 [notice] 1#1: worker process 21 exited with code 0
2025/12/17 20:01:03 [notice] 1#1: worker process 22 exited with code 0
2025/12/17 20:01:03 [notice] 1#1: exit
2025/12/17 20:01:28 [notice] 1#1: using the "epoll" event method
2025/12/17 20:01:28 [notice] 1#1: nginx/1.28.0
2025/12/17 20:01:28 [notice] 1#1: built by gcc 14.2.0 (Alpine 14.2.0) 
2025/12/17 20:01:28 [notice] 1#1: OS: Linux 6.6.87.2-microsoft-standard-WSL2
2025/12/17 20:01:28 [notice] 1#1: getrlimit(RLIMIT_NOFILE): 1048576:1048576
2025/12/17 20:01:28 [notice] 1#1: start worker processes
2025/12/17 20:01:28 [notice] 1#1: start worker process 21
2025/12/17 20:01:28 [notice] 1#1: start worker process 22
2025/12/17 20:18:57 [notice] 1#1: signal 3 (SIGQUIT) received, shutting down
2025/12/17 20:18:57 [notice] 21#21: gracefully shutting down
2025/12/17 20:18:57 [notice] 21#21: exiting
2025/12/17 20:18:57 [notice] 22#22: gracefully shutting down
2025/12/17 20:18:57 [notice] 22#22: exiting
2025/12/17 20:18:57 [notice] 22#22: exit
2025/12/17 20:18:57 [notice] 21#21: exit
2025/12/17 20:18:57 [notice] 1#1: signal 17 (SIGCHLD) received from 22
2025/12/17 20:18:57 [notice] 1#1: worker process 22 exited with code 0
2025/12/17 20:18:57 [notice] 1#1: signal 29 (SIGIO) received
2025/12/17 20:18:57 [notice] 1#1: signal 17 (SIGCHLD) received from 21
2025/12/17 20:18:57 [notice] 1#1: worker process 21 exited with code 0
2025/12/17 20:18:57 [notice] 1#1: exit
2025/12/17 20:19:20 [notice] 1#1: using the "epoll" event method
2025/12/17 20:19:20 [notice] 1#1: nginx/1.28.0
2025/12/17 20:19:20 [notice] 1#1: built by gcc 14.2.0 (Alpine 14.2.0) 
2025/12/17 20:19:20 [notice] 1#1: OS: Linux 6.6.87.2-microsoft-standard-WSL2
2025/12/17 20:19:20 [notice] 1#1: getrlimit(RLIMIT_NOFILE): 1048576:1048576
2025/12/17 20:19:20 [notice] 1#1: start worker processes
2025/12/17 20:19:20 [notice] 1#1: start worker process 22
2025/12/17 20:19:20 [notice] 1#1: start worker process 23
